03-28-2024 @ 09:34:17 - 

03-28-2024 @ 09:34:17 - []
03-28-2024 @ 09:34:17 - IPN Listener Loading...
03-28-2024 @ 09:34:17 - IPN Listener Loaded
03-28-2024 @ 09:34:17 - Payment Settings Loaded.
03-28-2024 @ 09:34:17 - PayPal Sandbox.yes
03-28-2024 @ 09:34:17 - Checking Post Method.
03-28-2024 @ 09:34:18 - Post method check completed.
03-28-2024 @ 09:34:18 - Loaded Email IDs. Notification Email: maqureshi94@hotmail.com
			Seller Email: 
03-28-2024 @ 09:34:18 - Payment Verified? : NO
03-28-2024 @ 09:34:18 - Invalid IPN. Shutting Down Processing.
03-28-2024 @ 09:34:19 - 

03-28-2024 @ 09:34:19 - []
03-28-2024 @ 09:34:19 - IPN Listener Loading...
03-28-2024 @ 09:34:19 - IPN Listener Loaded
03-28-2024 @ 09:34:19 - Payment Settings Loaded.
03-28-2024 @ 09:34:19 - PayPal Sandbox.yes
03-28-2024 @ 09:34:19 - Checking Post Method.
03-28-2024 @ 09:34:20 - Post method check completed.
03-28-2024 @ 09:34:20 - Loaded Email IDs. Notification Email: maqureshi94@hotmail.com
			Seller Email: 
03-28-2024 @ 09:34:20 - Payment Verified? : NO
03-28-2024 @ 09:34:20 - Invalid IPN. Shutting Down Processing.
